# JRE version: OpenJDK Runtime Environment OpenLogic-OpenJDK (21.0.8+9) (build 21.0.8+9-adhoc.Administrator.jdk21u)
# Java VM: OpenJDK 64-Bit Server VM OpenLogic-OpenJDK (21.0.8+9-adhoc.Administrator.jdk21u, mixed mode, sharing, tiered, compressed oops, compressed class ptrs, g1 gc, windows-amd64)
GC Precious Log:
 CardTable entry size: 512
 Card Set container configuration: InlinePtr #cards 5 size 8 Array Of Cards #cards 12 size 40 Howl #buckets 4 coarsen threshold 1843 Howl Bitmap #cards 512 size 80 coarsen threshold 460 Card regions per heap region 1 cards per card region 2048
 CPUs: 8 total, 8 available
 Memory: 8071M
 Large Page Support: Disabled
 NUMA Support: Disabled
 Compressed Oops: Enabled (32-bit)
 Heap Region Size: 1M
 Heap Min Capacity: 8M
 Heap Initial Capacity: 128M
 Heap Max Capacity: 1G
 Pre-touch: Disabled
 Parallel Workers: 8
 Concurrent Workers: 2
 Concurrent Refinement Workers: 8
 Periodic GC: Disabled
Heap:
 garbage-first heap   total 527360K, used 483117K [0x00000000c0000000, 0x0000000100000000)
  region size 1024K, 216 young (221184K), 16 survivors (16384K)
 Metaspace       used 20900K, committed 21120K, reserved 1114112K
  class space    used 2700K, committed 2816K, reserved 1048576K
GC Heap History (20 events):
Event: 64.478 GC heap before
{Heap before GC invocations=53 (full 0):
 garbage-first heap   total 527360K, used 485247K [0x00000000c0000000, 0x0000000100000000)
  region size 1024K, 208 young (212992K), 14 survivors (14336K)
 Metaspace       used 20814K, committed 21056K, reserved 1114112K
  class space    used 2698K, committed 2816K, reserved 1048576K
}
Event: 64.495 GC heap after
{Heap after GC invocations=54 (full 0):
 garbage-first heap   total 527360K, used 287846K [0x00000000c0000000, 0x0000000100000000)
  region size 1024K, 14 young (14336K), 14 survivors (14336K)
 Metaspace       used 20814K, committed 21056K, reserved 1114112K
  class space    used 2698K, committed 2816K, reserved 1048576K
}
Event: 66.032 GC heap before
{Heap before GC invocations=55 (full 0):
 garbage-first heap   total 527360K, used 484454K [0x00000000c0000000, 0x0000000100000000)
  region size 1024K, 206 young (210944K), 14 survivors (14336K)
 Metaspace       used 20821K, committed 21056K, reserved 1114112K
  class space    used 2698K, committed 2816K, reserved 1048576K
}
Event: 66.051 GC heap after
{Heap after GC invocations=56 (full 0):
 garbage-first heap   total 527360K, used 289731K [0x00000000c0000000, 0x0000000100000000)
  region size 1024K, 16 young (16384K), 16 survivors (16384K)
 Metaspace       used 20821K, committed 21056K, reserved 1114112K
  class space    used 2698K, committed 2816K, reserved 1048576K
}
Event: 66.638 GC heap before
{Heap before GC invocations=56 (full 0):
 garbage-first heap   total 527360K, used 482243K [0x00000000c0000000, 0x0000000100000000)
  region size 1024K, 204 young (208896K), 16 survivors (16384K)
 Metaspace       used 20824K, committed 21056K, reserved 1114112K
  class space    used 2698K, committed 2816K, reserved 1048576K
}
Event: 66.666 GC heap after
{Heap after GC invocations=57 (full 0):
 garbage-first heap   total 527360K, used 284388K [0x00000000c0000000, 0x0000000100000000)
  region size 1024K, 14 young (14336K), 14 survivors (14336K)
 Metaspace       used 20824K, committed 21056K, reserved 1114112K
  class space    used 2698K, committed 2816K, reserved 1048576K
}
Event: 67.174 GC heap before
{Heap before GC invocations=57 (full 0):
 garbage-first heap   total 527360K, used 485092K [0x00000000c0000000, 0x0000000100000000)
  region size 1024K, 210 young (215040K), 14 survivors (14336K)
 Metaspace       used 20827K, committed 21056K, reserved 1114112K
  class space    used 2698K, committed 2816K, reserved 1048576K
}
Event: 67.193 GC heap after
{Heap after GC invocations=58 (full 0):
 garbage-first heap   total 527360K, used 285412K [0x00000000c0000000, 0x0000000100000000)
  region size 1024K, 15 young (15360K), 15 survivors (15360K)
 Metaspace       used 20827K, committed 21056K, reserved 1114112K
  class space    used 2698K, committed 2816K, reserved 1048576K
}
Event: 69.256 GC heap before
{Heap before GC invocations=59 (full 0):
 garbage-first heap   total 527360K, used 484068K [0x00000000c0000000, 0x0000000100000000)
  region size 1024K, 209 young (214016K), 15 survivors (15360K)
 Metaspace       used 20836K, committed 21056K, reserved 1114112K
  class space    used 2698K, committed 2816K, reserved 1048576K
}
Event: 69.273 GC heap after
{Heap after GC invocations=60 (full 0):
 garbage-first heap   total 527360K, used 286577K [0x00000000c0000000, 0x0000000100000000)
  region size 1024K, 15 young (15360K), 15 survivors (15360K)
 Metaspace       used 20836K, committed 21056K, reserved 1114112K
  class space    used 2698K, committed 2816K, reserved 1048576K
}
Event: 69.728 GC heap before
{Heap before GC invocations=60 (full 0):
 garbage-first heap   total 527360K, used 484209K [0x00000000c0000000, 0x0000000100000000)
  region size 1024K, 208 young (212992K), 15 survivors (15360K)
 Metaspace       used 20856K, committed 21120K, reserved 1114112K
  class space    used 2699K, committed 2816K, reserved 1048576K
}
Event: 69.751 GC heap after
{Heap after GC invocations=61 (full 0):
 garbage-first heap   total 527360K, used 280918K [0x00000000c0000000, 0x0000000100000000)
  region size 1024K, 15 young (15360K), 15 survivors (15360K)
 Metaspace       used 20856K, committed 21120K, reserved 1114112K
  class space    used 2699K, committed 2816K, reserved 1048576K
}
Event: 70.253 GC heap before
{Heap before GC invocations=61 (full 0):
 garbage-first heap   total 527360K, used 483670K [0x00000000c0000000, 0x0000000100000000)
  region size 1024K, 213 young (218112K), 15 survivors (15360K)
 Metaspace       used 20871K, committed 21120K, reserved 1114112K
  class space    used 2699K, committed 2816K, reserved 1048576K
}
Event: 70.270 GC heap after
{Heap after GC invocations=62 (full 0):
 garbage-first heap   total 527360K, used 281937K [0x00000000c0000000, 0x0000000100000000)
  region size 1024K, 16 young (16384K), 16 survivors (16384K)
 Metaspace       used 20871K, committed 21120K, reserved 1114112K
  class space    used 2699K, committed 2816K, reserved 1048576K
}
Event: 71.298 GC heap before
{Heap before GC invocations=62 (full 0):
 garbage-first heap   total 527360K, used 481617K [0x00000000c0000000, 0x0000000100000000)
  region size 1024K, 212 young (217088K), 16 survivors (16384K)
 Metaspace       used 20876K, committed 21120K, reserved 1114112K
  class space    used 2699K, committed 2816K, reserved 1048576K
}
Event: 71.325 GC heap after
{Heap after GC invocations=63 (full 0):
 garbage-first heap   total 527360K, used 284057K [0x00000000c0000000, 0x0000000100000000)
  region size 1024K, 17 young (17408K), 17 survivors (17408K)
 Metaspace       used 20876K, committed 21120K, reserved 1114112K
  class space    used 2699K, committed 2816K, reserved 1048576K
}
Event: 72.112 GC heap before
{Heap before GC invocations=64 (full 0):
 garbage-first heap   total 527360K, used 481689K [0x00000000c0000000, 0x0000000100000000)
  region size 1024K, 210 young (215040K), 17 survivors (17408K)
 Metaspace       used 20893K, committed 21120K, reserved 1114112K
  class space    used 2699K, committed 2816K, reserved 1048576K
}
Event: 72.135 GC heap after
{Heap after GC invocations=65 (full 0):
 garbage-first heap   total 527360K, used 284645K [0x00000000c0000000, 0x0000000100000000)
  region size 1024K, 16 young (16384K), 16 survivors (16384K)
 Metaspace       used 20893K, committed 21120K, reserved 1114112K
  class space    used 2699K, committed 2816K, reserved 1048576K
}
Event: 72.802 GC heap before
{Heap before GC invocations=65 (full 0):
 garbage-first heap   total 527360K, used 483301K [0x00000000c0000000, 0x0000000100000000)
  region size 1024K, 210 young (215040K), 16 survivors (16384K)
 Metaspace       used 20897K, committed 21120K, reserved 1114112K
  class space    used 2700K, committed 2816K, reserved 1048576K
}
Event: 72.824 GC heap after
{Heap after GC invocations=66 (full 0):
 garbage-first heap   total 527360K, used 278317K [0x00000000c0000000, 0x0000000100000000)
  region size 1024K, 16 young (16384K), 16 survivors (16384K)
 Metaspace       used 20897K, committed 21120K, reserved 1114112K
  class space    used 2700K, committed 2816K, reserved 1048576K
}

