# JRE version: OpenJDK Runtime Environment OpenLogic-OpenJDK (21.0.8+9) (build 21.0.8+9-adhoc.Administrator.jdk21u)
# Java VM: OpenJDK 64-Bit Server VM OpenLogic-OpenJDK (21.0.8+9-adhoc.Administrator.jdk21u, mixed mode, sharing, tiered, compressed oops, compressed class ptrs, g1 gc, windows-amd64)
GC Precious Log:
 CardTable entry size: 512
 Card Set container configuration: InlinePtr #cards 5 size 8 Array Of Cards #cards 12 size 40 Howl #buckets 4 coarsen threshold 1843 Howl Bitmap #cards 512 size 80 coarsen threshold 460 Card regions per heap region 1 cards per card region 2048
 CPUs: 8 total, 8 available
 Memory: 8071M
 Large Page Support: Disabled
 NUMA Support: Disabled
 Compressed Oops: Enabled (32-bit)
 Heap Region Size: 1M
 Heap Min Capacity: 8M
 Heap Initial Capacity: 8M
 Heap Max Capacity: 2018M
 Pre-touch: Disabled
 Parallel Workers: 8
 Concurrent Workers: 2
 Concurrent Refinement Workers: 8
 Periodic GC: Disabled
Heap:
 garbage-first heap   total 12288K, used 7019K [0x0000000081e00000, 0x0000000100000000)
  region size 1024K, 1 young (1024K), 1 survivors (1024K)
 Metaspace       used 8111K, committed 8256K, reserved 1114112K
  class space    used 890K, committed 960K, reserved 1048576K
GC Heap History (20 events):
Event: 81.706 GC heap after
{Heap after GC invocations=12 (full 0):
 garbage-first heap   total 9216K, used 4222K [0x0000000081e00000, 0x0000000100000000)
  region size 1024K, 1 young (1024K), 1 survivors (1024K)
 Metaspace       used 7382K, committed 7552K, reserved 1114112K
  class space    used 851K, committed 960K, reserved 1048576K
}
Event: 84.080 GC heap before
{Heap before GC invocations=12 (full 0):
 garbage-first heap   total 9216K, used 6270K [0x0000000081e00000, 0x0000000100000000)
  region size 1024K, 3 young (3072K), 1 survivors (1024K)
 Metaspace       used 7999K, committed 8192K, reserved 1114112K
  class space    used 880K, committed 960K, reserved 1048576K
}
Event: 84.082 GC heap after
{Heap after GC invocations=13 (full 0):
 garbage-first heap   total 9216K, used 4700K [0x0000000081e00000, 0x0000000100000000)
  region size 1024K, 1 young (1024K), 1 survivors (1024K)
 Metaspace       used 7999K, committed 8192K, reserved 1114112K
  class space    used 880K, committed 960K, reserved 1048576K
}
Event: 86.171 GC heap before
{Heap before GC invocations=13 (full 0):
 garbage-first heap   total 9216K, used 5724K [0x0000000081e00000, 0x0000000100000000)
  region size 1024K, 3 young (3072K), 1 survivors (1024K)
 Metaspace       used 8047K, committed 8256K, reserved 1114112K
  class space    used 880K, committed 960K, reserved 1048576K
}
Event: 86.174 GC heap after
{Heap after GC invocations=14 (full 0):
 garbage-first heap   total 9216K, used 5023K [0x0000000081e00000, 0x0000000100000000)
  region size 1024K, 1 young (1024K), 1 survivors (1024K)
 Metaspace       used 8047K, committed 8256K, reserved 1114112K
  class space    used 880K, committed 960K, reserved 1048576K
}
Event: 89.635 GC heap before
{Heap before GC invocations=14 (full 0):
 garbage-first heap   total 9216K, used 6047K [0x0000000081e00000, 0x0000000100000000)
  region size 1024K, 2 young (2048K), 1 survivors (1024K)
 Metaspace       used 8094K, committed 8256K, reserved 1114112K
  class space    used 890K, committed 960K, reserved 1048576K
}
Event: 89.639 GC heap after
{Heap after GC invocations=15 (full 0):
 garbage-first heap   total 9216K, used 5165K [0x0000000081e00000, 0x0000000100000000)
  region size 1024K, 1 young (1024K), 1 survivors (1024K)
 Metaspace       used 8094K, committed 8256K, reserved 1114112K
  class space    used 890K, committed 960K, reserved 1048576K
}
Event: 91.702 GC heap before
{Heap before GC invocations=16 (full 0):
 garbage-first heap   total 10240K, used 6189K [0x0000000081e00000, 0x0000000100000000)
  region size 1024K, 2 young (2048K), 1 survivors (1024K)
 Metaspace       used 8104K, committed 8256K, reserved 1114112K
  class space    used 890K, committed 960K, reserved 1048576K
}
Event: 91.705 GC heap after
{Heap after GC invocations=17 (full 0):
 garbage-first heap   total 10240K, used 5447K [0x0000000081e00000, 0x0000000100000000)
  region size 1024K, 1 young (1024K), 1 survivors (1024K)
 Metaspace       used 8104K, committed 8256K, reserved 1114112K
  class space    used 890K, committed 960K, reserved 1048576K
}
Event: 91.965 GC heap before
{Heap before GC invocations=17 (full 0):
 garbage-first heap   total 10240K, used 6471K [0x0000000081e00000, 0x0000000100000000)
  region size 1024K, 3 young (3072K), 1 survivors (1024K)
 Metaspace       used 8104K, committed 8256K, reserved 1114112K
  class space    used 890K, committed 960K, reserved 1048576K
}
Event: 91.968 GC heap after
{Heap after GC invocations=18 (full 0):
 garbage-first heap   total 10240K, used 5861K [0x0000000081e00000, 0x0000000100000000)
  region size 1024K, 1 young (1024K), 1 survivors (1024K)
 Metaspace       used 8104K, committed 8256K, reserved 1114112K
  class space    used 890K, committed 960K, reserved 1048576K
}
Event: 97.508 GC heap before
{Heap before GC invocations=19 (full 0):
 garbage-first heap   total 10240K, used 7909K [0x0000000081e00000, 0x0000000100000000)
  region size 1024K, 3 young (3072K), 1 survivors (1024K)
 Metaspace       used 8106K, committed 8256K, reserved 1114112K
  class space    used 890K, committed 960K, reserved 1048576K
}
Event: 97.511 GC heap after
{Heap after GC invocations=20 (full 0):
 garbage-first heap   total 10240K, used 5984K [0x0000000081e00000, 0x0000000100000000)
  region size 1024K, 1 young (1024K), 1 survivors (1024K)
 Metaspace       used 8106K, committed 8256K, reserved 1114112K
  class space    used 890K, committed 960K, reserved 1048576K
}
Event: 98.205 GC heap before
{Heap before GC invocations=20 (full 0):
 garbage-first heap   total 10240K, used 5984K [0x0000000081e00000, 0x0000000100000000)
  region size 1024K, 2 young (2048K), 1 survivors (1024K)
 Metaspace       used 8108K, committed 8256K, reserved 1114112K
  class space    used 890K, committed 960K, reserved 1048576K
}
Event: 98.208 GC heap after
{Heap after GC invocations=21 (full 0):
 garbage-first heap   total 10240K, used 6350K [0x0000000081e00000, 0x0000000100000000)
  region size 1024K, 1 young (1024K), 1 survivors (1024K)
 Metaspace       used 8108K, committed 8256K, reserved 1114112K
  class space    used 890K, committed 960K, reserved 1048576K
}
Event: 99.229 GC heap before
{Heap before GC invocations=21 (full 0):
 garbage-first heap   total 12288K, used 7374K [0x0000000081e00000, 0x0000000100000000)
  region size 1024K, 2 young (2048K), 1 survivors (1024K)
 Metaspace       used 8108K, committed 8256K, reserved 1114112K
  class space    used 890K, committed 960K, reserved 1048576K
}
Event: 99.231 GC heap after
{Heap after GC invocations=22 (full 0):
 garbage-first heap   total 12288K, used 6710K [0x0000000081e00000, 0x0000000100000000)
  region size 1024K, 1 young (1024K), 1 survivors (1024K)
 Metaspace       used 8108K, committed 8256K, reserved 1114112K
  class space    used 890K, committed 960K, reserved 1048576K
}
Event: 99.241 GC heap before
{Heap before GC invocations=23 (full 0):
 garbage-first heap   total 12288K, used 7734K [0x0000000081e00000, 0x0000000100000000)
  region size 1024K, 3 young (3072K), 1 survivors (1024K)
 Metaspace       used 8109K, committed 8256K, reserved 1114112K
  class space    used 890K, committed 960K, reserved 1048576K
}
Event: 99.243 GC heap after
{Heap after GC invocations=24 (full 0):
 garbage-first heap   total 12288K, used 6994K [0x0000000081e00000, 0x0000000100000000)
  region size 1024K, 1 young (1024K), 1 survivors (1024K)
 Metaspace       used 8109K, committed 8256K, reserved 1114112K
  class space    used 890K, committed 960K, reserved 1048576K
}
Event: 99.532 GC heap before
{Heap before GC invocations=24 (full 0):
 garbage-first heap   total 12288K, used 6994K [0x0000000081e00000, 0x0000000100000000)
  region size 1024K, 2 young (2048K), 1 survivors (1024K)
 Metaspace       used 8111K, committed 8256K, reserved 1114112K
  class space    used 890K, committed 960K, reserved 1048576K
}

