# JRE version: OpenJDK Runtime Environment OpenLogic-OpenJDK (21.0.8+9) (build 21.0.8+9-adhoc.Administrator.jdk21u)
# Java VM: OpenJDK 64-Bit Server VM OpenLogic-OpenJDK (21.0.8+9-adhoc.Administrator.jdk21u, mixed mode, sharing, tiered, compressed oops, compressed class ptrs, g1 gc, windows-amd64)
GC Precious Log:
 CardTable entry size: 512
 Card Set container configuration: InlinePtr #cards 5 size 8 Array Of Cards #cards 12 size 40 Howl #buckets 4 coarsen threshold 1843 Howl Bitmap #cards 512 size 80 coarsen threshold 460 Card regions per heap region 1 cards per card region 2048
 CPUs: 8 total, 8 available
 Memory: 8071M
 Large Page Support: Disabled
 NUMA Support: Disabled
 Compressed Oops: Enabled (32-bit)
 Heap Region Size: 1M
 Heap Min Capacity: 8M
 Heap Initial Capacity: 8M
 Heap Max Capacity: 2018M
 Pre-touch: Disabled
 Parallel Workers: 8
 Concurrent Workers: 2
 Concurrent Refinement Workers: 8
 Periodic GC: Disabled
Heap:
 garbage-first heap   total 8192K, used 2431K [0x0000000081e00000, 0x0000000100000000)
  region size 1024K, 3 young (3072K), 1 survivors (1024K)
 Metaspace       used 4532K, committed 4736K, reserved 1114112K
  class space    used 539K, committed 640K, reserved 1048576K
GC Heap History (8 events):
Event: 5.416 GC heap before
{Heap before GC invocations=0 (full 0):
 garbage-first heap   total 8192K, used 3072K [0x0000000081e00000, 0x0000000100000000)
  region size 1024K, 3 young (3072K), 0 survivors (0K)
 Metaspace       used 2011K, committed 2176K, reserved 1114112K
  class space    used 224K, committed 320K, reserved 1048576K
}
Event: 5.901 GC heap after
{Heap after GC invocations=1 (full 0):
 garbage-first heap   total 8192K, used 1152K [0x0000000081e00000, 0x0000000100000000)
  region size 1024K, 1 young (1024K), 1 survivors (1024K)
 Metaspace       used 2011K, committed 2176K, reserved 1114112K
  class space    used 224K, committed 320K, reserved 1048576K
}
Event: 7.738 GC heap before
{Heap before GC invocations=1 (full 0):
 garbage-first heap   total 8192K, used 2176K [0x0000000081e00000, 0x0000000100000000)
  region size 1024K, 2 young (2048K), 1 survivors (1024K)
 Metaspace       used 2531K, committed 2688K, reserved 1114112K
  class space    used 272K, committed 384K, reserved 1048576K
}
Event: 7.745 GC heap after
{Heap after GC invocations=2 (full 0):
 garbage-first heap   total 8192K, used 1407K [0x0000000081e00000, 0x0000000100000000)
  region size 1024K, 1 young (1024K), 1 survivors (1024K)
 Metaspace       used 2531K, committed 2688K, reserved 1114112K
  class space    used 272K, committed 384K, reserved 1048576K
}
Event: 19.470 GC heap before
{Heap before GC invocations=2 (full 0):
 garbage-first heap   total 8192K, used 1407K [0x0000000081e00000, 0x0000000100000000)
  region size 1024K, 2 young (2048K), 1 survivors (1024K)
 Metaspace       used 2548K, committed 2688K, reserved 1114112K
  class space    used 272K, committed 384K, reserved 1048576K
}
Event: 19.472 GC heap after
{Heap after GC invocations=3 (full 0):
 garbage-first heap   total 8192K, used 1398K [0x0000000081e00000, 0x0000000100000000)
  region size 1024K, 1 young (1024K), 1 survivors (1024K)
 Metaspace       used 2548K, committed 2688K, reserved 1114112K
  class space    used 272K, committed 384K, reserved 1048576K
}
Event: 120.719 GC heap before
{Heap before GC invocations=3 (full 0):
 garbage-first heap   total 8192K, used 2422K [0x0000000081e00000, 0x0000000100000000)
  region size 1024K, 3 young (3072K), 1 survivors (1024K)
 Metaspace       used 2572K, committed 2752K, reserved 1114112K
  class space    used 272K, committed 384K, reserved 1048576K
}
Event: 120.774 GC heap after
{Heap after GC invocations=4 (full 0):
 garbage-first heap   total 8192K, used 1407K [0x0000000081e00000, 0x0000000100000000)
  region size 1024K, 1 young (1024K), 1 survivors (1024K)
 Metaspace       used 2572K, committed 2752K, reserved 1114112K
  class space    used 272K, committed 384K, reserved 1048576K
}

